INFO: [VRFC 10-2263] Analyzing Verilog file "E:/Habib/Sem 4/CA/CA_Pipelining_Project/Pipelining-Project/sources/ALU_64_bit.v" into library xil_defaultlib
INFO: [VRFC 10-311] analyzing module ALU_64_bit
INFO: [VRFC 10-2263] Analyzing Verilog file "E:/Habib/Sem 4/CA/CA_Pipelining_Project/Pipelining-Project/sources/ALU_control.v" into library xil_defaultlib
INFO: [VRFC 10-311] analyzing module ALU_control
INFO: [VRFC 10-2263] Analyzing Verilog file "E:/Habib/Sem 4/CA/CA_Pipelining_Project/Pipelining-Project/sources/Adder.v" into library xil_defaultlib
INFO: [VRFC 10-311] analyzing module Adder
INFO: [VRFC 10-2263] Analyzing Verilog file "E:/Habib/Sem 4/CA/CA_Pipelining_Project/Pipelining-Project/sources/Branch_unit.v" into library xil_defaultlib
INFO: [VRFC 10-311] analyzing module Branch_unit
INFO: [VRFC 10-2263] Analyzing Verilog file "E:/Habib/Sem 4/CA/CA_Pipelining_Project/Pipelining-Project/sources/Data_Memory.v" into library xil_defaultlib
INFO: [VRFC 10-311] analyzing module Data_Memory
INFO: [VRFC 10-2263] Analyzing Verilog file "E:/Habib/Sem 4/CA/CA_Pipelining_Project/Pipelining-Project/sources/EX_MEM.v" into library xil_defaultlib
INFO: [VRFC 10-311] analyzing module EX_MEM
INFO: [VRFC 10-2263] Analyzing Verilog file "E:/Habib/Sem 4/CA/CA_Pipelining_Project/Pipelining-Project/sources/Hazard_detection_unit.v" into library xil_defaultlib
INFO: [VRFC 10-311] analyzing module Hazard_detection_unit
INFO: [VRFC 10-2263] Analyzing Verilog file "E:/Habib/Sem 4/CA/CA_Pipelining_Project/Pipelining-Project/sources/ID_EX.v" into library xil_defaultlib
INFO: [VRFC 10-311] analyzing module ID_EX
INFO: [VRFC 10-2263] Analyzing Verilog file "E:/Habib/Sem 4/CA/CA_Pipelining_Project/Pipelining-Project/sources/IF_ID.v" into library xil_defaultlib
INFO: [VRFC 10-311] analyzing module IF_ID
INFO: [VRFC 10-2263] Analyzing Verilog file "E:/Habib/Sem 4/CA/CA_Pipelining_Project/Pipelining-Project/sources/Instruction_Memory.v" into library xil_defaultlib
INFO: [VRFC 10-311] analyzing module Instruction_Memory
INFO: [VRFC 10-2263] Analyzing Verilog file "E:/Habib/Sem 4/CA/CA_Pipelining_Project/Pipelining-Project/sources/MEM_WB.v" into library xil_defaultlib
INFO: [VRFC 10-311] analyzing module MEM_WB
INFO: [VRFC 10-2263] Analyzing Verilog file "E:/Habib/Sem 4/CA/CA_Pipelining_Project/Pipelining-Project/sources/Program_counter.v" into library xil_defaultlib
INFO: [VRFC 10-311] analyzing module Program_Counter
INFO: [VRFC 10-2263] Analyzing Verilog file "E:/Habib/Sem 4/CA/CA_Pipelining_Project/Pipelining-Project/sources/RISC_V_Processor_Pipelined.v" into library xil_defaultlib
INFO: [VRFC 10-311] analyzing module RISC_V_Processor_Pipelined
INFO: [VRFC 10-2263] Analyzing Verilog file "E:/Habib/Sem 4/CA/CA_Pipelining_Project/Pipelining-Project/sources/control_unit.v" into library xil_defaultlib
INFO: [VRFC 10-311] analyzing module control_unit
INFO: [VRFC 10-2263] Analyzing Verilog file "E:/Habib/Sem 4/CA/CA_Pipelining_Project/Pipelining-Project/sources/forwarding_unit.v" into library xil_defaultlib
INFO: [VRFC 10-311] analyzing module forwarding_unit
INFO: [VRFC 10-2263] Analyzing Verilog file "E:/Habib/Sem 4/CA/CA_Pipelining_Project/Pipelining-Project/sources/immediate_data_extractor.v" into library xil_defaultlib
INFO: [VRFC 10-311] analyzing module immediate_data_extractor
INFO: [VRFC 10-2263] Analyzing Verilog file "E:/Habib/Sem 4/CA/CA_Pipelining_Project/Pipelining-Project/sources/instruction_parser.v" into library xil_defaultlib
INFO: [VRFC 10-311] analyzing module instruction_parser
INFO: [VRFC 10-2263] Analyzing Verilog file "E:/Habib/Sem 4/CA/CA_Pipelining_Project/Pipelining-Project/sources/mux.v" into library xil_defaultlib
INFO: [VRFC 10-311] analyzing module mux
INFO: [VRFC 10-2263] Analyzing Verilog file "E:/Habib/Sem 4/CA/CA_Pipelining_Project/Pipelining-Project/sources/mux_3to1.v" into library xil_defaultlib
INFO: [VRFC 10-311] analyzing module mux_3to1
INFO: [VRFC 10-2263] Analyzing Verilog file "E:/Habib/Sem 4/CA/CA_Pipelining_Project/Pipelining-Project/sources/registerFile.v" into library xil_defaultlib
INFO: [VRFC 10-311] analyzing module registerFile
INFO: [VRFC 10-2263] Analyzing Verilog file "E:/Habib/Sem 4/CA/CA_Pipelining_Project/Pipelining-Project/sim/forwarding_tb.v" into library xil_defaultlib
INFO: [VRFC 10-311] analyzing module forwarding_tb
INFO: [VRFC 10-2263] Analyzing Verilog file "E:/Habib/Sem 4/CA/CA_Pipelining_Project/Pipelining-Project/pipelining.sim/sim_1/behav/xsim/glbl.v" into library xil_defaultlib
INFO: [VRFC 10-311] analyzing module glbl
